GROUP,PACKAGE,CLASS,INSTRUCTION_MISSED,INSTRUCTION_COVERED,BRANCH_MISSED,BRANCH_COVERED,LINE_MISSED,LINE_COVERED,COMPLEXITY_MISSED,COMPLEXITY_COVERED,METHOD_MISSED,METHOD_COVERED
practica-calificada-2-joseortizm,default,TeacherTC,6,30,0,0,1,11,1,3,1,3
practica-calificada-2-joseortizm,default,Administrativo,36,0,0,0,12,0,4,0,4,0
practica-calificada-2-joseortizm,default,Student,33,0,4,0,10,0,5,0,2,0
practica-calificada-2-joseortizm,default,TeacherTP,33,0,0,0,12,0,4,0,4,0
practica-calificada-2-joseortizm,default,Principal,6,298,1,29,3,59,2,21,1,7
practica-calificada-2-joseortizm,default,Pair,0,15,0,0,0,6,0,3,0,3
