<?xml version="1.0" encoding="UTF-8"?>
<testng-results ignored="0" total="14" passed="14" failed="0" skipped="0">
  <reporter-output>
  </reporter-output>
  <suite started-at="2021-12-16T20:58:42 PET" name="Surefire suite" finished-at="2021-12-16T20:58:42 PET" duration-ms="200">
    <groups>
    </groups>
    <test started-at="2021-12-16T20:58:42 PET" name="Surefire test" finished-at="2021-12-16T20:58:42 PET" duration-ms="200">
      <class name="PrincipalTest">
        <test-method signature="calculate_average_grade_given_different_exam_grades_and_attending_the_minimum_classes()[pri:0, instance:PrincipalTest@1fb669c3]" started-at="2021-12-16T20:58:42 PET" name="calculate_average_grade_given_different_exam_grades_and_attending_the_minimum_classes" finished-at="2021-12-16T20:58:42 PET" duration-ms="45" status="PASS">
          <reporter-output>
          </reporter-output>
        </test-method> <!-- calculate_average_grade_given_different_exam_grades_and_attending_the_minimum_classes -->
        <test-method signature="calculate_same_grade_given_one_single_exam_and_attending_the_minimum_classes()[pri:0, instance:PrincipalTest@1fb669c3]" started-at="2021-12-16T20:58:42 PET" name="calculate_same_grade_given_one_single_exam_and_attending_the_minimum_classes" finished-at="2021-12-16T20:58:42 PET" duration-ms="1" status="PASS">
          <reporter-output>
          </reporter-output>
        </test-method> <!-- calculate_same_grade_given_one_single_exam_and_attending_the_minimum_classes -->
        <test-method signature="fail_given_different_exam_grades_but_not_attending_the_minimum_classes()[pri:0, instance:PrincipalTest@1fb669c3]" started-at="2021-12-16T20:58:42 PET" name="fail_given_different_exam_grades_but_not_attending_the_minimum_classes" finished-at="2021-12-16T20:58:42 PET" duration-ms="0" status="PASS">
          <reporter-output>
          </reporter-output>
        </test-method> <!-- fail_given_different_exam_grades_but_not_attending_the_minimum_classes -->
        <test-method signature="fail_given_odd_exam_grades_but_attending_the_minimum_classes()[pri:0, instance:PrincipalTest@1fb669c3]" started-at="2021-12-16T20:58:42 PET" name="fail_given_odd_exam_grades_but_attending_the_minimum_classes" finished-at="2021-12-16T20:58:42 PET" duration-ms="0" status="PASS">
          <reporter-output>
          </reporter-output>
        </test-method> <!-- fail_given_odd_exam_grades_but_attending_the_minimum_classes -->
        <test-method signature="fail_given_one_single_exam_but_not_attending_the_minimum_classes()[pri:0, instance:PrincipalTest@1fb669c3]" started-at="2021-12-16T20:58:42 PET" name="fail_given_one_single_exam_but_not_attending_the_minimum_classes" finished-at="2021-12-16T20:58:42 PET" duration-ms="1" status="PASS">
          <reporter-output>
          </reporter-output>
        </test-method> <!-- fail_given_one_single_exam_but_not_attending_the_minimum_classes -->
        <test-method signature="fail_given_there_are_no_exams()[pri:0, instance:PrincipalTest@1fb669c3]" started-at="2021-12-16T20:58:42 PET" name="fail_given_there_are_no_exams" finished-at="2021-12-16T20:58:42 PET" duration-ms="0" status="PASS">
          <reporter-output>
          </reporter-output>
        </test-method> <!-- fail_given_there_are_no_exams -->
        <test-method signature="fail_when_there_are_no_exams_and_has_not_attended_the_minimum_classes()[pri:0, instance:PrincipalTest@1fb669c3]" started-at="2021-12-16T20:58:42 PET" name="fail_when_there_are_no_exams_and_has_not_attended_the_minimum_classes" finished-at="2021-12-16T20:58:42 PET" duration-ms="1" status="PASS">
          <reporter-output>
          </reporter-output>
        </test-method> <!-- fail_when_there_are_no_exams_and_has_not_attended_the_minimum_classes -->
        <test-method signature="has_to_print_names_of_teachers_that_increases_grades()[pri:0, instance:PrincipalTest@1fb669c3]" started-at="2021-12-16T20:58:42 PET" name="has_to_print_names_of_teachers_that_increases_grades" finished-at="2021-12-16T20:58:42 PET" duration-ms="1" status="PASS">
          <reporter-output>
          </reporter-output>
        </test-method> <!-- has_to_print_names_of_teachers_that_increases_grades -->
        <test-method signature="increase_one_extra_point_if_there_is_any_benevolent_teacher_in_the_year_to_calculate_grades()[pri:0, instance:PrincipalTest@1fb669c3]" started-at="2021-12-16T20:58:42 PET" name="increase_one_extra_point_if_there_is_any_benevolent_teacher_in_the_year_to_calculate_grades" finished-at="2021-12-16T20:58:42 PET" duration-ms="4" status="PASS">
          <reporter-output>
          </reporter-output>
        </test-method> <!-- increase_one_extra_point_if_there_is_any_benevolent_teacher_in_the_year_to_calculate_grades -->
        <test-method signature="maintain_10_as_the_maximum_grade_even_if_increasing_one_extra_point()[pri:0, instance:PrincipalTest@1fb669c3]" started-at="2021-12-16T20:58:42 PET" name="maintain_10_as_the_maximum_grade_even_if_increasing_one_extra_point" finished-at="2021-12-16T20:58:42 PET" duration-ms="1" status="PASS">
          <reporter-output>
          </reporter-output>
        </test-method> <!-- maintain_10_as_the_maximum_grade_even_if_increasing_one_extra_point -->
        <test-method signature="not_increase_one_extra_point_if_there_is_not_any_benevolent_teacher_in_the_year_to_calculate_grades()[pri:0, instance:PrincipalTest@1fb669c3]" started-at="2021-12-16T20:58:42 PET" name="not_increase_one_extra_point_if_there_is_not_any_benevolent_teacher_in_the_year_to_calculate_grades" finished-at="2021-12-16T20:58:42 PET" duration-ms="1" status="PASS">
          <reporter-output>
          </reporter-output>
        </test-method> <!-- not_increase_one_extra_point_if_there_is_not_any_benevolent_teacher_in_the_year_to_calculate_grades -->
        <test-method signature="round_up_to_2_decimals_given_odd_exam_grades_and_attending_the_minimum_classes()[pri:0, instance:PrincipalTest@1fb669c3]" started-at="2021-12-16T20:58:42 PET" name="round_up_to_2_decimals_given_odd_exam_grades_and_attending_the_minimum_classes" finished-at="2021-12-16T20:58:42 PET" duration-ms="2" status="PASS">
          <reporter-output>
          </reporter-output>
        </test-method> <!-- round_up_to_2_decimals_given_odd_exam_grades_and_attending_the_minimum_classes -->
        <test-method signature="validate_all_exam_grades_weight_over_100()[pri:0, instance:PrincipalTest@1fb669c3]" started-at="2021-12-16T20:58:42 PET" name="validate_all_exam_grades_weight_over_100" finished-at="2021-12-16T20:58:42 PET" duration-ms="1" status="PASS">
          <reporter-output>
          </reporter-output>
        </test-method> <!-- validate_all_exam_grades_weight_over_100 -->
        <test-method signature="validate_all_exam_grades_weight_below_100()[pri:0, instance:PrincipalTest@1fb669c3]" started-at="2021-12-16T20:58:42 PET" name="validate_all_exam_grades_weight_below_100" finished-at="2021-12-16T20:58:42 PET" duration-ms="0" status="PASS">
          <reporter-output>
          </reporter-output>
        </test-method> <!-- validate_all_exam_grades_weight_below_100 -->
      </class> <!-- PrincipalTest -->
    </test> <!-- Surefire test -->
  </suite> <!-- Surefire suite -->
</testng-results>
